[0.734s] Invoking command in '/home/raj/fams_vip/ros2_ws/duo_image_publisher': CONDA_PROMPT_MODIFIER=(base) PYTHONPATH=/home/raj/fams_vip/ros2_ws/build/duo_image_publisher/prefix_override:/usr/lib/python3/dist-packages/colcon_core/task/python/colcon_distutils_commands:/home/raj/fams_vip/ros2_ws/install/duo_image_publisher/lib/python3.10/site-packages:${PYTHONPATH} /usr/bin/python3 -W ignore:setup.py install is deprecated -W ignore:easy_install command is deprecated setup.py egg_info --egg-base ../build/duo_image_publisher build --build-base /home/raj/fams_vip/ros2_ws/build/duo_image_publisher/build install --record /home/raj/fams_vip/ros2_ws/build/duo_image_publisher/install.log --single-version-externally-managed install_data
[0.888s] running egg_info
[0.889s] creating ../build/duo_image_publisher/duo_image_publisher.egg-info
[0.889s] writing ../build/duo_image_publisher/duo_image_publisher.egg-info/PKG-INFO
[0.889s] writing dependency_links to ../build/duo_image_publisher/duo_image_publisher.egg-info/dependency_links.txt
[0.889s] writing entry points to ../build/duo_image_publisher/duo_image_publisher.egg-info/entry_points.txt
[0.889s] writing requirements to ../build/duo_image_publisher/duo_image_publisher.egg-info/requires.txt
[0.890s] writing top-level names to ../build/duo_image_publisher/duo_image_publisher.egg-info/top_level.txt
[0.890s] writing manifest file '../build/duo_image_publisher/duo_image_publisher.egg-info/SOURCES.txt'
[0.891s] reading manifest file '../build/duo_image_publisher/duo_image_publisher.egg-info/SOURCES.txt'
[0.891s] writing manifest file '../build/duo_image_publisher/duo_image_publisher.egg-info/SOURCES.txt'
[0.891s] running build
[0.891s] running build_py
[0.891s] creating /home/raj/fams_vip/ros2_ws/build/duo_image_publisher/build
[0.891s] creating /home/raj/fams_vip/ros2_ws/build/duo_image_publisher/build/lib
[0.891s] creating /home/raj/fams_vip/ros2_ws/build/duo_image_publisher/build/lib/duo_image_publisher
[0.891s] copying duo_image_publisher/duo_image_publisher.py -> /home/raj/fams_vip/ros2_ws/build/duo_image_publisher/build/lib/duo_image_publisher
[0.891s] copying duo_image_publisher/__init__.py -> /home/raj/fams_vip/ros2_ws/build/duo_image_publisher/build/lib/duo_image_publisher
[0.891s] copying duo_image_publisher/stereo_sync.py -> /home/raj/fams_vip/ros2_ws/build/duo_image_publisher/build/lib/duo_image_publisher
[0.891s] running install
[0.891s] running install_lib
[0.892s] creating /home/raj/fams_vip/ros2_ws/install/duo_image_publisher/lib/python3.10/site-packages/duo_image_publisher
[0.892s] copying /home/raj/fams_vip/ros2_ws/build/duo_image_publisher/build/lib/duo_image_publisher/duo_image_publisher.py -> /home/raj/fams_vip/ros2_ws/install/duo_image_publisher/lib/python3.10/site-packages/duo_image_publisher
[0.892s] copying /home/raj/fams_vip/ros2_ws/build/duo_image_publisher/build/lib/duo_image_publisher/__init__.py -> /home/raj/fams_vip/ros2_ws/install/duo_image_publisher/lib/python3.10/site-packages/duo_image_publisher
[0.892s] copying /home/raj/fams_vip/ros2_ws/build/duo_image_publisher/build/lib/duo_image_publisher/stereo_sync.py -> /home/raj/fams_vip/ros2_ws/install/duo_image_publisher/lib/python3.10/site-packages/duo_image_publisher
[0.892s] byte-compiling /home/raj/fams_vip/ros2_ws/install/duo_image_publisher/lib/python3.10/site-packages/duo_image_publisher/duo_image_publisher.py to duo_image_publisher.cpython-310.pyc
[0.893s] byte-compiling /home/raj/fams_vip/ros2_ws/install/duo_image_publisher/lib/python3.10/site-packages/duo_image_publisher/__init__.py to __init__.cpython-310.pyc
[0.893s] byte-compiling /home/raj/fams_vip/ros2_ws/install/duo_image_publisher/lib/python3.10/site-packages/duo_image_publisher/stereo_sync.py to stereo_sync.cpython-310.pyc
[0.893s] running install_data
[0.893s] creating /home/raj/fams_vip/ros2_ws/install/duo_image_publisher/share/ament_index
[0.893s] creating /home/raj/fams_vip/ros2_ws/install/duo_image_publisher/share/ament_index/resource_index
[0.893s] creating /home/raj/fams_vip/ros2_ws/install/duo_image_publisher/share/ament_index/resource_index/packages
[0.893s] copying resource/duo_image_publisher -> /home/raj/fams_vip/ros2_ws/install/duo_image_publisher/share/ament_index/resource_index/packages
[0.893s] copying package.xml -> /home/raj/fams_vip/ros2_ws/install/duo_image_publisher/share/duo_image_publisher
[0.894s] creating /home/raj/fams_vip/ros2_ws/install/duo_image_publisher/share/duo_image_publisher/launch
[0.894s] copying launch/dual_cameras.launch.py -> /home/raj/fams_vip/ros2_ws/install/duo_image_publisher/share/duo_image_publisher/launch
[0.894s] running install_egg_info
[0.895s] Copying ../build/duo_image_publisher/duo_image_publisher.egg-info to /home/raj/fams_vip/ros2_ws/install/duo_image_publisher/lib/python3.10/site-packages/duo_image_publisher-0.0.0-py3.10.egg-info
[0.895s] running install_scripts
[0.908s] Installing camera_node script to /home/raj/fams_vip/ros2_ws/install/duo_image_publisher/lib/duo_image_publisher
[0.908s] Installing stereo_sync_node script to /home/raj/fams_vip/ros2_ws/install/duo_image_publisher/lib/duo_image_publisher
[0.908s] writing list of installed files to '/home/raj/fams_vip/ros2_ws/build/duo_image_publisher/install.log'
[0.924s] Invoked command in '/home/raj/fams_vip/ros2_ws/duo_image_publisher' returned '0': CONDA_PROMPT_MODIFIER=(base) PYTHONPATH=/home/raj/fams_vip/ros2_ws/build/duo_image_publisher/prefix_override:/usr/lib/python3/dist-packages/colcon_core/task/python/colcon_distutils_commands:/home/raj/fams_vip/ros2_ws/install/duo_image_publisher/lib/python3.10/site-packages:${PYTHONPATH} /usr/bin/python3 -W ignore:setup.py install is deprecated -W ignore:easy_install command is deprecated setup.py egg_info --egg-base ../build/duo_image_publisher build --build-base /home/raj/fams_vip/ros2_ws/build/duo_image_publisher/build install --record /home/raj/fams_vip/ros2_ws/build/duo_image_publisher/install.log --single-version-externally-managed install_data
