running egg_info
writing ../build/duo_image_publisher/duo_image_publisher.egg-info/PKG-INFO
writing dependency_links to ../build/duo_image_publisher/duo_image_publisher.egg-info/dependency_links.txt
writing entry points to ../build/duo_image_publisher/duo_image_publisher.egg-info/entry_points.txt
writing requirements to ../build/duo_image_publisher/duo_image_publisher.egg-info/requires.txt
writing top-level names to ../build/duo_image_publisher/duo_image_publisher.egg-info/top_level.txt
reading manifest file '../build/duo_image_publisher/duo_image_publisher.egg-info/SOURCES.txt'
writing manifest file '../build/duo_image_publisher/duo_image_publisher.egg-info/SOURCES.txt'
running build
running build_py
running install
running install_lib
running install_data
copying launch/dual_cameras.launch.py -> /home/raj/fams_vip/ros2_ws/install/duo_image_publisher/share/duo_image_publisher/launch
running install_egg_info
removing '/home/raj/fams_vip/ros2_ws/install/duo_image_publisher/lib/python3.10/site-packages/duo_image_publisher-0.0.0-py3.10.egg-info' (and everything under it)
Copying ../build/duo_image_publisher/duo_image_publisher.egg-info to /home/raj/fams_vip/ros2_ws/install/duo_image_publisher/lib/python3.10/site-packages/duo_image_publisher-0.0.0-py3.10.egg-info
running install_scripts
Installing camera_node script to /home/raj/fams_vip/ros2_ws/install/duo_image_publisher/lib/duo_image_publisher
Installing stereo_sync_node script to /home/raj/fams_vip/ros2_ws/install/duo_image_publisher/lib/duo_image_publisher
writing list of installed files to '/home/raj/fams_vip/ros2_ws/build/duo_image_publisher/install.log'
