[0.785s] Invoking command in '/home/raj/fams_vip/ros2_ws/duo_image_publisher': CONDA_PROMPT_MODIFIER=(base) PYTHONPATH=/home/raj/fams_vip/ros2_ws/build/duo_image_publisher/prefix_override:/usr/lib/python3/dist-packages/colcon_core/task/python/colcon_distutils_commands:/home/raj/fams_vip/ros2_ws/install/duo_image_publisher/lib/python3.10/site-packages:${PYTHONPATH} /usr/bin/python3 -W ignore:setup.py install is deprecated -W ignore:easy_install command is deprecated setup.py egg_info --egg-base ../build/duo_image_publisher build --build-base /home/raj/fams_vip/ros2_ws/build/duo_image_publisher/build install --record /home/raj/fams_vip/ros2_ws/build/duo_image_publisher/install.log --single-version-externally-managed install_data
[1.045s] running egg_info
[1.046s] writing ../build/duo_image_publisher/duo_image_publisher.egg-info/PKG-INFO
[1.046s] writing dependency_links to ../build/duo_image_publisher/duo_image_publisher.egg-info/dependency_links.txt
[1.046s] writing entry points to ../build/duo_image_publisher/duo_image_publisher.egg-info/entry_points.txt
[1.047s] writing requirements to ../build/duo_image_publisher/duo_image_publisher.egg-info/requires.txt
[1.047s] writing top-level names to ../build/duo_image_publisher/duo_image_publisher.egg-info/top_level.txt
[1.048s] reading manifest file '../build/duo_image_publisher/duo_image_publisher.egg-info/SOURCES.txt'
[1.049s] writing manifest file '../build/duo_image_publisher/duo_image_publisher.egg-info/SOURCES.txt'
[1.050s] running build
[1.050s] running build_py
[1.050s] running install
[1.050s] running install_lib
[1.052s] running install_data
[1.052s] copying launch/dual_cameras.launch.py -> /home/raj/fams_vip/ros2_ws/install/duo_image_publisher/share/duo_image_publisher/launch
[1.052s] running install_egg_info
[1.055s] removing '/home/raj/fams_vip/ros2_ws/install/duo_image_publisher/lib/python3.10/site-packages/duo_image_publisher-0.0.0-py3.10.egg-info' (and everything under it)
[1.055s] Copying ../build/duo_image_publisher/duo_image_publisher.egg-info to /home/raj/fams_vip/ros2_ws/install/duo_image_publisher/lib/python3.10/site-packages/duo_image_publisher-0.0.0-py3.10.egg-info
[1.056s] running install_scripts
[1.080s] Installing camera_node script to /home/raj/fams_vip/ros2_ws/install/duo_image_publisher/lib/duo_image_publisher
[1.080s] Installing stereo_sync_node script to /home/raj/fams_vip/ros2_ws/install/duo_image_publisher/lib/duo_image_publisher
[1.081s] writing list of installed files to '/home/raj/fams_vip/ros2_ws/build/duo_image_publisher/install.log'
[1.106s] Invoked command in '/home/raj/fams_vip/ros2_ws/duo_image_publisher' returned '0': CONDA_PROMPT_MODIFIER=(base) PYTHONPATH=/home/raj/fams_vip/ros2_ws/build/duo_image_publisher/prefix_override:/usr/lib/python3/dist-packages/colcon_core/task/python/colcon_distutils_commands:/home/raj/fams_vip/ros2_ws/install/duo_image_publisher/lib/python3.10/site-packages:${PYTHONPATH} /usr/bin/python3 -W ignore:setup.py install is deprecated -W ignore:easy_install command is deprecated setup.py egg_info --egg-base ../build/duo_image_publisher build --build-base /home/raj/fams_vip/ros2_ws/build/duo_image_publisher/build install --record /home/raj/fams_vip/ros2_ws/build/duo_image_publisher/install.log --single-version-externally-managed install_data
